Determining if the pthread_create exist failed with the following output:
Change Dir: /home/mcding/johnding1996/COMP5411/assignment1/CMakeFiles/CMakeTmp

Run Build Command:"/usr/bin/make" "cmTC_22d2b/fast"
/usr/bin/make -f CMakeFiles/cmTC_22d2b.dir/build.make CMakeFiles/cmTC_22d2b.dir/build
make[1]: Entering directory '/home/mcding/johnding1996/COMP5411/assignment1/CMakeFiles/CMakeTmp'
Building C object CMakeFiles/cmTC_22d2b.dir/CheckSymbolExists.c.o
/usr/bin/cc    -o CMakeFiles/cmTC_22d2b.dir/CheckSymbolExists.c.o   -c /home/mcding/johnding1996/COMP5411/assignment1/CMakeFiles/CMakeTmp/CheckSymbolExists.c
Linking C executable cmTC_22d2b
/home/mcding/.local/share/JetBrains/Toolbox/apps/CLion/ch-0/172.4343.16/bin/cmake/bin/cmake -E cmake_link_script CMakeFiles/cmTC_22d2b.dir/link.txt --verbose=1
/usr/bin/cc      -rdynamic CMakeFiles/cmTC_22d2b.dir/CheckSymbolExists.c.o  -o cmTC_22d2b 
CMakeFiles/cmTC_22d2b.dir/CheckSymbolExists.c.o: In function `main':
CheckSymbolExists.c:(.text+0x16): undefined reference to `pthread_create'
collect2: error: ld returned 1 exit status
CMakeFiles/cmTC_22d2b.dir/build.make:97: recipe for target 'cmTC_22d2b' failed
make[1]: *** [cmTC_22d2b] Error 1
make[1]: Leaving directory '/home/mcding/johnding1996/COMP5411/assignment1/CMakeFiles/CMakeTmp'
Makefile:126: recipe for target 'cmTC_22d2b/fast' failed
make: *** [cmTC_22d2b/fast] Error 2

File /home/mcding/johnding1996/COMP5411/assignment1/CMakeFiles/CMakeTmp/CheckSymbolExists.c:
/* */
#include <pthread.h>

int main(int argc, char** argv)
{
  (void)argv;
#ifndef pthread_create
  return ((int*)(&pthread_create))[argc];
#else
  (void)argc;
  return 0;
#endif
}

Determining if the function pthread_create exists in the pthreads failed with the following output:
Change Dir: /home/mcding/johnding1996/COMP5411/assignment1/CMakeFiles/CMakeTmp

Run Build Command:"/usr/bin/make" "cmTC_b299b/fast"
/usr/bin/make -f CMakeFiles/cmTC_b299b.dir/build.make CMakeFiles/cmTC_b299b.dir/build
make[1]: Entering directory '/home/mcding/johnding1996/COMP5411/assignment1/CMakeFiles/CMakeTmp'
Building C object CMakeFiles/cmTC_b299b.dir/CheckFunctionExists.c.o
/usr/bin/cc   -DCHECK_FUNCTION_EXISTS=pthread_create   -o CMakeFiles/cmTC_b299b.dir/CheckFunctionExists.c.o   -c /home/mcding/.local/share/JetBrains/Toolbox/apps/CLion/ch-0/172.4343.16/bin/cmake/share/cmake-3.8/Modules/CheckFunctionExists.c
Linking C executable cmTC_b299b
/home/mcding/.local/share/JetBrains/Toolbox/apps/CLion/ch-0/172.4343.16/bin/cmake/bin/cmake -E cmake_link_script CMakeFiles/cmTC_b299b.dir/link.txt --verbose=1
/usr/bin/cc  -DCHECK_FUNCTION_EXISTS=pthread_create    -rdynamic CMakeFiles/cmTC_b299b.dir/CheckFunctionExists.c.o  -o cmTC_b299b -lpthreads 
/usr/bin/ld: cannot find -lpthreads
collect2: error: ld returned 1 exit status
CMakeFiles/cmTC_b299b.dir/build.make:97: recipe for target 'cmTC_b299b' failed
make[1]: *** [cmTC_b299b] Error 1
make[1]: Leaving directory '/home/mcding/johnding1996/COMP5411/assignment1/CMakeFiles/CMakeTmp'
Makefile:126: recipe for target 'cmTC_b299b/fast' failed
make: *** [cmTC_b299b/fast] Error 2


Determining if the pthread_create exist failed with the following output:
Change Dir: /home/mcding/johnding1996/COMP5411/assignment_1_2/CMakeFiles/CMakeTmp

Run Build Command:"/usr/bin/make" "cmTC_3bbee/fast"
/usr/bin/make -f CMakeFiles/cmTC_3bbee.dir/build.make CMakeFiles/cmTC_3bbee.dir/build
make[1]: Entering directory '/home/mcding/johnding1996/COMP5411/assignment_1_2/CMakeFiles/CMakeTmp'
Building C object CMakeFiles/cmTC_3bbee.dir/CheckSymbolExists.c.o
/usr/bin/cc     -o CMakeFiles/cmTC_3bbee.dir/CheckSymbolExists.c.o   -c /home/mcding/johnding1996/COMP5411/assignment_1_2/CMakeFiles/CMakeTmp/CheckSymbolExists.c
Linking C executable cmTC_3bbee
/usr/bin/cmake -E cmake_link_script CMakeFiles/cmTC_3bbee.dir/link.txt --verbose=1
/usr/bin/cc       CMakeFiles/cmTC_3bbee.dir/CheckSymbolExists.c.o  -o cmTC_3bbee -rdynamic 
CMakeFiles/cmTC_3bbee.dir/CheckSymbolExists.c.o: In function `main':
CheckSymbolExists.c:(.text+0x16): undefined reference to `pthread_create'
collect2: error: ld returned 1 exit status
CMakeFiles/cmTC_3bbee.dir/build.make:97: recipe for target 'cmTC_3bbee' failed
make[1]: *** [cmTC_3bbee] Error 1
make[1]: Leaving directory '/home/mcding/johnding1996/COMP5411/assignment_1_2/CMakeFiles/CMakeTmp'
Makefile:126: recipe for target 'cmTC_3bbee/fast' failed
make: *** [cmTC_3bbee/fast] Error 2

File /home/mcding/johnding1996/COMP5411/assignment_1_2/CMakeFiles/CMakeTmp/CheckSymbolExists.c:
/* */
#include <pthread.h>

int main(int argc, char** argv)
{
  (void)argv;
#ifndef pthread_create
  return ((int*)(&pthread_create))[argc];
#else
  (void)argc;
  return 0;
#endif
}

Determining if the function pthread_create exists in the pthreads failed with the following output:
Change Dir: /home/mcding/johnding1996/COMP5411/assignment_1_2/CMakeFiles/CMakeTmp

Run Build Command:"/usr/bin/make" "cmTC_0b55c/fast"
/usr/bin/make -f CMakeFiles/cmTC_0b55c.dir/build.make CMakeFiles/cmTC_0b55c.dir/build
make[1]: Entering directory '/home/mcding/johnding1996/COMP5411/assignment_1_2/CMakeFiles/CMakeTmp'
Building C object CMakeFiles/cmTC_0b55c.dir/CheckFunctionExists.c.o
/usr/bin/cc    -DCHECK_FUNCTION_EXISTS=pthread_create   -o CMakeFiles/cmTC_0b55c.dir/CheckFunctionExists.c.o   -c /usr/share/cmake-3.5/Modules/CheckFunctionExists.c
Linking C executable cmTC_0b55c
/usr/bin/cmake -E cmake_link_script CMakeFiles/cmTC_0b55c.dir/link.txt --verbose=1
/usr/bin/cc   -DCHECK_FUNCTION_EXISTS=pthread_create    CMakeFiles/cmTC_0b55c.dir/CheckFunctionExists.c.o  -o cmTC_0b55c -rdynamic -lpthreads 
/usr/bin/ld: cannot find -lpthreads
collect2: error: ld returned 1 exit status
CMakeFiles/cmTC_0b55c.dir/build.make:97: recipe for target 'cmTC_0b55c' failed
make[1]: *** [cmTC_0b55c] Error 1
make[1]: Leaving directory '/home/mcding/johnding1996/COMP5411/assignment_1_2/CMakeFiles/CMakeTmp'
Makefile:126: recipe for target 'cmTC_0b55c/fast' failed
make: *** [cmTC_0b55c/fast] Error 2


